0    [AWT-EventQueue-0] INFO  ca.sqlpower.architect.ArchitectUtils  - Log4J configured successfully
728  [AWT-EventQueue-0] INFO  ca.sqlpower.sql.PlDotIni  - Beginning to read/merge new pl.ini data
856  [AWT-EventQueue-0] INFO  ca.sqlpower.sql.PlDotIni  - Finished reading file.
856  [AWT-EventQueue-0] INFO  ca.sqlpower.sql.PlDotIni  - Beginning to read/merge new pl.ini data
956  [AWT-EventQueue-0] INFO  ca.sqlpower.sql.PlDotIni  - Finished reading file.
1629 [AWT-EventQueue-0] INFO  ca.sqlpower.sqlobject.SQLColumn  - Column has type userdefinedsqltype
1629 [AWT-EventQueue-0] WARN  ca.sqlpower.sqlobject.ForeignKeyColumnUpdaterPoolingSPListener  - Warning: unknown UserDefinedSQLType property myAutoIncrement changed while monitoring pkTable
1645 [AWT-EventQueue-0] WARN  ca.sqlpower.sqlobject.ForeignKeyColumnUpdaterPoolingSPListener  - Warning: unknown UserDefinedSQLType property myAutoIncrement changed while monitoring pkTable
1645 [AWT-EventQueue-0] WARN  ca.sqlpower.sqlobject.ForeignKeyColumnUpdaterPoolingSPListener  - Warning: unknown SQLTypePhysicalProperties property name changed while monitoring pkTable
1645 [AWT-EventQueue-0] WARN  ca.sqlpower.sqlobject.ForeignKeyColumnUpdaterPoolingSPListener  - Warning: unknown SQLTypePhysicalProperties property name changed while monitoring pkTable
1645 [AWT-EventQueue-0] INFO  ca.sqlpower.sqlobject.SQLColumn  - Column has type userdefinedsqltype
1657 [AWT-EventQueue-0] INFO  ca.sqlpower.sqlobject.SQLColumn  - Column has type userdefinedsqltype
1657 [AWT-EventQueue-0] INFO  ca.sqlpower.sqlobject.SQLColumn  - Column has type userdefinedsqltype
1657 [AWT-EventQueue-0] INFO  ca.sqlpower.sqlobject.SQLColumn  - Column has type userdefinedsqltype
1663 [AWT-EventQueue-0] INFO  ca.sqlpower.sqlobject.SQLColumn  - Column has type userdefinedsqltype
1663 [AWT-EventQueue-0] INFO  ca.sqlpower.sqlobject.SQLColumn  - Column has type userdefinedsqltype
1663 [AWT-EventQueue-0] INFO  ca.sqlpower.sqlobject.SQLColumn  - Column has type userdefinedsqltype
1663 [AWT-EventQueue-0] INFO  ca.sqlpower.sqlobject.SQLColumn  - Column has type userdefinedsqltype
1663 [AWT-EventQueue-0] INFO  ca.sqlpower.sqlobject.SQLColumn  - Column has type userdefinedsqltype
1663 [AWT-EventQueue-0] INFO  ca.sqlpower.sqlobject.SQLColumn  - Column has type userdefinedsqltype
1663 [AWT-EventQueue-0] INFO  ca.sqlpower.sqlobject.SQLColumn  - Column has type userdefinedsqltype
1663 [AWT-EventQueue-0] INFO  ca.sqlpower.sqlobject.SQLColumn  - Column has type userdefinedsqltype
1663 [AWT-EventQueue-0] INFO  ca.sqlpower.sqlobject.SQLColumn  - Column has type userdefinedsqltype
1677 [AWT-EventQueue-0] INFO  ca.sqlpower.sqlobject.SQLColumn  - Column has type userdefinedsqltype
1677 [AWT-EventQueue-0] INFO  ca.sqlpower.sqlobject.SQLColumn  - Column has type userdefinedsqltype
1677 [AWT-EventQueue-0] WARN  ca.sqlpower.sqlobject.ForeignKeyColumnUpdaterPoolingSPListener  - Warning: unknown UserDefinedSQLType property myAutoIncrement changed while monitoring pkTable
1677 [AWT-EventQueue-0] WARN  ca.sqlpower.sqlobject.ForeignKeyColumnUpdaterPoolingSPListener  - Warning: unknown SQLTypePhysicalProperties property name changed while monitoring pkTable
1677 [AWT-EventQueue-0] INFO  ca.sqlpower.sqlobject.SQLColumn  - Column has type userdefinedsqltype
1677 [AWT-EventQueue-0] INFO  ca.sqlpower.sqlobject.SQLColumn  - Column has type userdefinedsqltype
1677 [AWT-EventQueue-0] INFO  ca.sqlpower.sqlobject.SQLColumn  - Column has type userdefinedsqltype
1677 [AWT-EventQueue-0] INFO  ca.sqlpower.sqlobject.SQLColumn  - Column has type bigint
1677 [AWT-EventQueue-0] INFO  ca.sqlpower.sqlobject.SQLColumn  - Column has type decimal
1677 [AWT-EventQueue-0] INFO  ca.sqlpower.sqlobject.SQLColumn  - Column has type userdefinedsqltype
1677 [AWT-EventQueue-0] INFO  ca.sqlpower.sqlobject.SQLColumn  - Column has type userdefinedsqltype
1677 [AWT-EventQueue-0] INFO  ca.sqlpower.sqlobject.SQLColumn  - Column has type bit
1677 [AWT-EventQueue-0] INFO  ca.sqlpower.sqlobject.SQLColumn  - Column has type bit
1693 [AWT-EventQueue-0] INFO  ca.sqlpower.sqlobject.SQLColumn  - Column has type smallint
1693 [AWT-EventQueue-0] INFO  ca.sqlpower.sqlobject.SQLColumn  - Column has type smallint
1693 [AWT-EventQueue-0] INFO  ca.sqlpower.sqlobject.SQLColumn  - Column has type double
1693 [AWT-EventQueue-0] INFO  ca.sqlpower.sqlobject.SQLColumn  - Column has type double
1693 [AWT-EventQueue-0] INFO  ca.sqlpower.sqlobject.SQLColumn  - Column has type double
1693 [AWT-EventQueue-0] INFO  ca.sqlpower.sqlobject.SQLColumn  - Column has type userdefinedsqltype
1693 [AWT-EventQueue-0] WARN  ca.sqlpower.sqlobject.ForeignKeyColumnUpdaterPoolingSPListener  - Warning: unknown UserDefinedSQLType property myAutoIncrement changed while monitoring pkTable
1693 [AWT-EventQueue-0] WARN  ca.sqlpower.sqlobject.ForeignKeyColumnUpdaterPoolingSPListener  - Warning: unknown SQLTypePhysicalProperties property name changed while monitoring pkTable
1693 [AWT-EventQueue-0] INFO  ca.sqlpower.sqlobject.SQLColumn  - Column has type userdefinedsqltype
1693 [AWT-EventQueue-0] INFO  ca.sqlpower.sqlobject.SQLColumn  - Column has type userdefinedsqltype
1693 [AWT-EventQueue-0] INFO  ca.sqlpower.sqlobject.SQLColumn  - Column has type userdefinedsqltype
1693 [AWT-EventQueue-0] INFO  ca.sqlpower.sqlobject.SQLColumn  - Column has type userdefinedsqltype
1693 [AWT-EventQueue-0] INFO  ca.sqlpower.sqlobject.SQLColumn  - Column has type userdefinedsqltype
1693 [AWT-EventQueue-0] WARN  ca.sqlpower.sqlobject.ForeignKeyColumnUpdaterPoolingSPListener  - Warning: unknown UserDefinedSQLType property myAutoIncrement changed while monitoring pkTable
1708 [AWT-EventQueue-0] WARN  ca.sqlpower.sqlobject.ForeignKeyColumnUpdaterPoolingSPListener  - Warning: unknown SQLTypePhysicalProperties property name changed while monitoring pkTable
1708 [AWT-EventQueue-0] INFO  ca.sqlpower.sqlobject.SQLColumn  - Column has type userdefinedsqltype
1708 [AWT-EventQueue-0] INFO  ca.sqlpower.sqlobject.SQLColumn  - Column has type userdefinedsqltype
1708 [AWT-EventQueue-0] INFO  ca.sqlpower.sqlobject.SQLColumn  - Column has type userdefinedsqltype
1708 [AWT-EventQueue-0] INFO  ca.sqlpower.sqlobject.SQLColumn  - Column has type userdefinedsqltype
1708 [AWT-EventQueue-0] INFO  ca.sqlpower.sqlobject.SQLColumn  - Column has type userdefinedsqltype
1708 [AWT-EventQueue-0] INFO  ca.sqlpower.sqlobject.SQLColumn  - Column has type userdefinedsqltype
1708 [AWT-EventQueue-0] INFO  ca.sqlpower.sqlobject.SQLColumn  - Column has type userdefinedsqltype
1708 [AWT-EventQueue-0] INFO  ca.sqlpower.sqlobject.SQLColumn  - Column has type userdefinedsqltype
1708 [AWT-EventQueue-0] INFO  ca.sqlpower.sqlobject.SQLColumn  - Column has type userdefinedsqltype
1708 [AWT-EventQueue-0] INFO  ca.sqlpower.sqlobject.SQLColumn  - Column has type userdefinedsqltype
1708 [AWT-EventQueue-0] INFO  ca.sqlpower.sqlobject.SQLColumn  - Column has type userdefinedsqltype
1708 [AWT-EventQueue-0] WARN  ca.sqlpower.sqlobject.ForeignKeyColumnUpdaterPoolingSPListener  - Warning: unknown UserDefinedSQLType property myAutoIncrement changed while monitoring pkTable
1724 [AWT-EventQueue-0] WARN  ca.sqlpower.sqlobject.ForeignKeyColumnUpdaterPoolingSPListener  - Warning: unknown SQLTypePhysicalProperties property name changed while monitoring pkTable
1724 [AWT-EventQueue-0] INFO  ca.sqlpower.sqlobject.SQLColumn  - Column has type userdefinedsqltype
1725 [AWT-EventQueue-0] INFO  ca.sqlpower.sqlobject.SQLColumn  - Column has type userdefinedsqltype
1725 [AWT-EventQueue-0] INFO  ca.sqlpower.sqlobject.SQLColumn  - Column has type userdefinedsqltype
1725 [AWT-EventQueue-0] INFO  ca.sqlpower.sqlobject.SQLColumn  - Column has type userdefinedsqltype
1725 [AWT-EventQueue-0] INFO  ca.sqlpower.sqlobject.SQLColumn  - Column has type userdefinedsqltype
1725 [AWT-EventQueue-0] INFO  ca.sqlpower.sqlobject.SQLColumn  - Column has type userdefinedsqltype
1725 [AWT-EventQueue-0] INFO  ca.sqlpower.sqlobject.SQLColumn  - Column has type userdefinedsqltype
1725 [AWT-EventQueue-0] INFO  ca.sqlpower.sqlobject.SQLColumn  - Column has type userdefinedsqltype
1725 [AWT-EventQueue-0] INFO  ca.sqlpower.sqlobject.SQLColumn  - Column has type userdefinedsqltype
1725 [AWT-EventQueue-0] INFO  ca.sqlpower.sqlobject.SQLColumn  - Column has type userdefinedsqltype
1725 [AWT-EventQueue-0] INFO  ca.sqlpower.sqlobject.SQLColumn  - Column has type userdefinedsqltype
1740 [AWT-EventQueue-0] INFO  ca.sqlpower.sqlobject.SQLColumn  - Column has type userdefinedsqltype
1740 [AWT-EventQueue-0] INFO  ca.sqlpower.sqlobject.SQLColumn  - Column has type userdefinedsqltype
1740 [AWT-EventQueue-0] INFO  ca.sqlpower.sqlobject.SQLColumn  - Column has type userdefinedsqltype
1740 [AWT-EventQueue-0] INFO  ca.sqlpower.sqlobject.SQLColumn  - Column has type userdefinedsqltype
1740 [AWT-EventQueue-0] INFO  ca.sqlpower.sqlobject.SQLColumn  - Column has type userdefinedsqltype
1740 [AWT-EventQueue-0] INFO  ca.sqlpower.sqlobject.SQLColumn  - Column has type userdefinedsqltype
1740 [AWT-EventQueue-0] INFO  ca.sqlpower.sqlobject.SQLColumn  - Column has type userdefinedsqltype
1740 [AWT-EventQueue-0] INFO  ca.sqlpower.sqlobject.SQLColumn  - Column has type userdefinedsqltype
1740 [AWT-EventQueue-0] INFO  ca.sqlpower.sqlobject.SQLColumn  - Column has type userdefinedsqltype
1757 [AWT-EventQueue-0] INFO  ca.sqlpower.sqlobject.SQLColumn  - Column has type userdefinedsqltype
1757 [AWT-EventQueue-0] INFO  ca.sqlpower.sqlobject.SQLColumn  - Column has type userdefinedsqltype
1757 [AWT-EventQueue-0] INFO  ca.sqlpower.sqlobject.SQLColumn  - Column has type userdefinedsqltype
1757 [AWT-EventQueue-0] INFO  ca.sqlpower.sqlobject.SQLColumn  - Column has type userdefinedsqltype
1757 [AWT-EventQueue-0] INFO  ca.sqlpower.sqlobject.SQLColumn  - Column has type userdefinedsqltype
1757 [AWT-EventQueue-0] INFO  ca.sqlpower.sqlobject.SQLColumn  - Column has type userdefinedsqltype
1757 [AWT-EventQueue-0] INFO  ca.sqlpower.sqlobject.SQLColumn  - Column has type userdefinedsqltype
1757 [AWT-EventQueue-0] INFO  ca.sqlpower.sqlobject.SQLColumn  - Column has type userdefinedsqltype
1757 [AWT-EventQueue-0] WARN  ca.sqlpower.sqlobject.ForeignKeyColumnUpdaterPoolingSPListener  - Warning: unknown UserDefinedSQLType property myAutoIncrement changed while monitoring pkTable
1757 [AWT-EventQueue-0] WARN  ca.sqlpower.sqlobject.ForeignKeyColumnUpdaterPoolingSPListener  - Warning: unknown SQLTypePhysicalProperties property name changed while monitoring pkTable
1757 [AWT-EventQueue-0] INFO  ca.sqlpower.sqlobject.SQLColumn  - Column has type userdefinedsqltype
1772 [AWT-EventQueue-0] INFO  ca.sqlpower.sqlobject.SQLColumn  - Column has type userdefinedsqltype
1772 [AWT-EventQueue-0] INFO  ca.sqlpower.sqlobject.SQLColumn  - Column has type userdefinedsqltype
1772 [AWT-EventQueue-0] INFO  ca.sqlpower.sqlobject.SQLColumn  - Column has type userdefinedsqltype
1772 [AWT-EventQueue-0] INFO  ca.sqlpower.sqlobject.SQLColumn  - Column has type userdefinedsqltype
1772 [AWT-EventQueue-0] INFO  ca.sqlpower.sqlobject.SQLColumn  - Column has type userdefinedsqltype
1772 [AWT-EventQueue-0] INFO  ca.sqlpower.sqlobject.SQLColumn  - Column has type userdefinedsqltype
1772 [AWT-EventQueue-0] INFO  ca.sqlpower.sqlobject.SQLColumn  - Column has type userdefinedsqltype
1772 [AWT-EventQueue-0] INFO  ca.sqlpower.sqlobject.SQLColumn  - Column has type userdefinedsqltype
1772 [AWT-EventQueue-0] INFO  ca.sqlpower.sqlobject.SQLColumn  - Column has type userdefinedsqltype
1772 [AWT-EventQueue-0] INFO  ca.sqlpower.sqlobject.SQLColumn  - Column has type userdefinedsqltype
1772 [AWT-EventQueue-0] INFO  ca.sqlpower.sqlobject.SQLColumn  - Column has type userdefinedsqltype
1772 [AWT-EventQueue-0] INFO  ca.sqlpower.sqlobject.SQLColumn  - Column has type userdefinedsqltype
1772 [AWT-EventQueue-0] INFO  ca.sqlpower.sqlobject.SQLColumn  - Column has type userdefinedsqltype
1772 [AWT-EventQueue-0] INFO  ca.sqlpower.sqlobject.SQLColumn  - Column has type userdefinedsqltype
1788 [AWT-EventQueue-0] INFO  ca.sqlpower.sqlobject.SQLColumn  - Column has type userdefinedsqltype
1788 [AWT-EventQueue-0] INFO  ca.sqlpower.sqlobject.SQLColumn  - Column has type userdefinedsqltype
1788 [AWT-EventQueue-0] INFO  ca.sqlpower.sqlobject.SQLColumn  - Column has type userdefinedsqltype
1788 [AWT-EventQueue-0] INFO  ca.sqlpower.sqlobject.SQLColumn  - Column has type userdefinedsqltype
1788 [AWT-EventQueue-0] INFO  ca.sqlpower.sqlobject.SQLColumn  - Column has type userdefinedsqltype
1788 [AWT-EventQueue-0] INFO  ca.sqlpower.sqlobject.SQLColumn  - Column has type userdefinedsqltype
1788 [AWT-EventQueue-0] INFO  ca.sqlpower.sqlobject.SQLColumn  - Column has type userdefinedsqltype
23537 [Thread-5] ERROR ca.sqlpower.architect.swingui.action.CheckForUpdateAction  - Fail to retrieve current version number!
255871 [AWT-EventQueue-0] INFO  ca.sqlpower.architect.ddl.GenericDDLGenerator  - endStatement: 
CREATE TABLE public.periodo (
                codigo INTEGER DEFAULT 0 NOT NULL,
                data TIMESTAMP,
                dia_da_semana VARCHAR(30),
                mes_extenso VARCHAR(30),
                ano SMALLINT,
                dia SMALLINT,
                semana_no_ano INTEGER,
                mes SMALLINT,
                trimestre VARCHAR(30),
                remover1 VARCHAR(30),
                remover2 INTEGER,
                CONSTRAINT periodo_pk PRIMARY KEY (codigo)
)
255873 [AWT-EventQueue-0] INFO  ca.sqlpower.architect.ddl.GenericDDLGenerator  - endStatement: 


CREATE TABLE public.classe (
                codigo INTEGER DEFAULT 0 NOT NULL,
                subcategoria VARCHAR(30),
                categoria VARCHAR(30),
                departamento VARCHAR(30),
                familia VARCHAR(30),
                CONSTRAINT classe_pk PRIMARY KEY (codigo)
)
255873 [AWT-EventQueue-0] INFO  ca.sqlpower.architect.ddl.GenericDDLGenerator  - endStatement: 


CREATE TABLE public.produto (
                codigo INTEGER DEFAULT 0 NOT NULL,
                classe_codigo INTEGER DEFAULT 0 NOT NULL,
                marca VARCHAR(60),
                nome VARCHAR(60) DEFAULT '' NOT NULL,
                sku BIGINT DEFAULT 0 NOT NULL,
                srp NUMERIC(10,4),
                peso_bruto DOUBLE PRECISION,
                peso_liquido DOUBLE PRECISION,
                recyclable_package BIT,
                low_fat BIT,
                units_per_case SMALLINT,
                cases_per_pallet SMALLINT,
                shelf_width DOUBLE PRECISION,
                shelf_height DOUBLE PRECISION,
                shelf_depth DOUBLE PRECISION,
                CONSTRAINT produto_pk PRIMARY KEY (codigo)
)
255873 [AWT-EventQueue-0] INFO  ca.sqlpower.architect.ddl.GenericDDLGenerator  - endStatement: 


CREATE TABLE public.regiao (
                codigo INTEGER DEFAULT 0 NOT NULL,
                cidade VARCHAR(30),
                estado VARCHAR(30),
                distrito VARCHAR(30),
                regional VARCHAR(30),
                pais VARCHAR(30),
                remover INTEGER,
                CONSTRAINT regiao_pk PRIMARY KEY (codigo)
)
255876 [AWT-EventQueue-0] INFO  ca.sqlpower.architect.ddl.GenericDDLGenerator  - endStatement: 


CREATE TABLE public.loja (
                codigo INTEGER DEFAULT 0 NOT NULL,
                tipo VARCHAR(30),
                regiao_codigo INTEGER,
                nome VARCHAR(30),
                numero INTEGER,
                endereco VARCHAR(30),
                cidade VARCHAR(30),
                estado VARCHAR(30),
                cep VARCHAR(30),
                pais VARCHAR(30),
                gerente VARCHAR(30),
                fone VARCHAR(30),
                fax VARCHAR(30),
                remover1 TIMESTAMP,
                remover2 TIMESTAMP,
                remover3 INTEGER,
                remover4 INTEGER,
                remover5 INTEGER,
                remover6 INTEGER,
                remover7 BIT,
                remover8 BIT,
                remover9 BIT,
                remover10 BIT,
                remover11 BIT,
                CONSTRAINT loja_pk PRIMARY KEY (codigo)
)
255876 [AWT-EventQueue-0] INFO  ca.sqlpower.architect.ddl.GenericDDLGenerator  - endStatement: 


CREATE TABLE public.cliente (
                codigo INTEGER DEFAULT 0 NOT NULL,
                conta BIGINT DEFAULT 0 NOT NULL,
                sobrenome VARCHAR(30) NOT NULL,
                primeiro_nome VARCHAR(30) NOT NULL,
                meio VARCHAR(30),
                endereco VARCHAR(30),
                remover1 VARCHAR(30),
                remover2 VARCHAR(30),
                remover3 VARCHAR(30),
                cidade VARCHAR(30),
                estado VARCHAR(30),
                cep VARCHAR(30) NOT NULL,
                pais VARCHAR(30) NOT NULL,
                regiao_codigo INTEGER NOT NULL,
                remover4 VARCHAR(30) NOT NULL,
                remover5 VARCHAR(30) NOT NULL,
                nascimento DATE NOT NULL,
                estado_civil VARCHAR(30) NOT NULL,
                faixa_salarial VARCHAR(30) NOT NULL,
                sexo VARCHAR(30) NOT NULL,
                numero_filhos SMALLINT NOT NULL,
                remover6 SMALLINT NOT NULL,
                instrucao VARCHAR(30) NOT NULL,
                cliente_desde DATE NOT NULL,
                tipo_cartao VARCHAR(30),
                ocupacao VARCHAR(30),
                casa_propria VARCHAR(30),
                remover7 INTEGER,
                nome_completo VARCHAR(60) NOT NULL,
                CONSTRAINT cliente_pk PRIMARY KEY (codigo)
)
255876 [AWT-EventQueue-0] INFO  ca.sqlpower.architect.ddl.GenericDDLGenerator  - endStatement: 


CREATE TABLE public.vendas (
                produto_codigo INTEGER NOT NULL,
                periodo_codigo INTEGER NOT NULL,
                cliente_codigo INTEGER NOT NULL,
                remover INTEGER NOT NULL,
                loja_codigo INTEGER NOT NULL,
                preco_venda NUMERIC(10,4) NOT NULL,
                custo_unitario NUMERIC(10,4) NOT NULL,
                unidade NUMERIC(10,4) NOT NULL,
                CONSTRAINT vendas_pk PRIMARY KEY (produto_codigo, periodo_codigo, cliente_codigo)
)
255876 [AWT-EventQueue-0] INFO  ca.sqlpower.architect.ddl.GenericDDLGenerator  - endStatement: 


CREATE INDEX i_sls_97_cust_id
 ON public.vendas USING BTREE
 ( cliente_codigo ASC )
255876 [AWT-EventQueue-0] INFO  ca.sqlpower.architect.ddl.GenericDDLGenerator  - endStatement: 

CREATE INDEX i_sls_97_prod_id
 ON public.vendas USING BTREE
 ( produto_codigo ASC )
255876 [AWT-EventQueue-0] INFO  ca.sqlpower.architect.ddl.GenericDDLGenerator  - endStatement: 

CREATE INDEX i_sls_97_promo_id
 ON public.vendas USING BTREE
 ( remover ASC )
255876 [AWT-EventQueue-0] INFO  ca.sqlpower.architect.ddl.GenericDDLGenerator  - endStatement: 

CREATE INDEX i_sls_97_store_id
 ON public.vendas USING BTREE
 ( loja_codigo ASC )
255876 [AWT-EventQueue-0] INFO  ca.sqlpower.architect.ddl.GenericDDLGenerator  - endStatement: 

CREATE INDEX i_sls_97_time_id
 ON public.vendas USING BTREE
 ( periodo_codigo ASC )
255880 [AWT-EventQueue-0] INFO  ca.sqlpower.architect.ddl.GenericDDLGenerator  - endStatement: 

ALTER TABLE public.vendas ADD CONSTRAINT periodo_vendas_fk
FOREIGN KEY (periodo_codigo)
REFERENCES public.periodo (codigo)
ON DELETE NO ACTION
ON UPDATE NO ACTION
NOT DEFERRABLE
255880 [AWT-EventQueue-0] INFO  ca.sqlpower.architect.ddl.GenericDDLGenerator  - endStatement: 

ALTER TABLE public.produto ADD CONSTRAINT classe_produto_fk
FOREIGN KEY (classe_codigo)
REFERENCES public.classe (codigo)
ON DELETE NO ACTION
ON UPDATE NO ACTION
NOT DEFERRABLE
255880 [AWT-EventQueue-0] INFO  ca.sqlpower.architect.ddl.GenericDDLGenerator  - endStatement: 

ALTER TABLE public.vendas ADD CONSTRAINT produto_vendas_fk
FOREIGN KEY (produto_codigo)
REFERENCES public.produto (codigo)
ON DELETE NO ACTION
ON UPDATE NO ACTION
NOT DEFERRABLE
255880 [AWT-EventQueue-0] INFO  ca.sqlpower.architect.ddl.GenericDDLGenerator  - endStatement: 

ALTER TABLE public.cliente ADD CONSTRAINT regiao_cliente_fk
FOREIGN KEY (regiao_codigo)
REFERENCES public.regiao (codigo)
ON DELETE NO ACTION
ON UPDATE NO ACTION
NOT DEFERRABLE
255880 [AWT-EventQueue-0] INFO  ca.sqlpower.architect.ddl.GenericDDLGenerator  - endStatement: 

ALTER TABLE public.loja ADD CONSTRAINT regiao_loja_fk
FOREIGN KEY (regiao_codigo)
REFERENCES public.regiao (codigo)
ON DELETE NO ACTION
ON UPDATE NO ACTION
NOT DEFERRABLE
255880 [AWT-EventQueue-0] INFO  ca.sqlpower.architect.ddl.GenericDDLGenerator  - endStatement: 

ALTER TABLE public.vendas ADD CONSTRAINT loja_vendas_fk
FOREIGN KEY (loja_codigo)
REFERENCES public.loja (codigo)
ON DELETE NO ACTION
ON UPDATE NO ACTION
NOT DEFERRABLE
255880 [AWT-EventQueue-0] INFO  ca.sqlpower.architect.ddl.GenericDDLGenerator  - endStatement: 

ALTER TABLE public.vendas ADD CONSTRAINT cliente_vendas_fk
FOREIGN KEY (cliente_codigo)
REFERENCES public.cliente (codigo)
ON DELETE NO ACTION
ON UPDATE NO ACTION
NOT DEFERRABLE
255885 [AWT-EventQueue-0] INFO  ca.sqlpower.architect.swingui.SQLScriptDialog  - The list size is :19
